#
# A fatal error has been detected by the Java Runtime Environment:
#
#  EXCEPTION_ACCESS_VIOLATION (0xc0000005) at pc=0x6d0b6c40, pid=2068, tid=2496
#
# JRE version: 6.0_25-b06
# Java VM: Java HotSpot(TM) Client VM (20.0-b11 mixed mode, sharing windows-x86 )
# Problematic frame:
# C  [awt.dll+0xb6c40]
#
# If you would like to submit a bug report, please visit:
#   http://java.sun.com/webapps/bugreport/crash.jsp
# The crash happened outside the Java Virtual Machine in native code.
# See problematic frame for where to report the bug.
#

---------------  T H R E A D  ---------------

Current thread (0x02527c00):  JavaThread "AWT-Windows" daemon [_thread_in_native, id=2496, stack(0x05b30000,0x05b80000)]

siginfo: ExceptionCode=0xc0000005, reading address 0x00000000

Registers:
EAX=0x05b7faa8, EBX=0x055baf58, ECX=0x00000072, EDX=0x000000c0
ESP=0x05b7fa90, EBP=0x00000000, ESI=0x00000000, EDI=0x000000c0
EIP=0x6d0b6c40, EFLAGS=0x00010206

Top of Stack: (sp=0x05b7fa90)
0x05b7fa90:   05b7faa8 00001000 00000000 0552ad38
0x05b7faa0:   00000001 05b7fa98 05b7fa9c 6d0ae61d
0x05b7fab0:   00000000 00000000 0552ad38 6d0ae6ea
0x05b7fac0:   00000000 0552ad38 00000001 6d0ae7ee
0x05b7fad0:   0552ad38 6d063812 0554f500 00000000
0x05b7fae0:   6d0b0750 00000001 6d103f60 6d103940
0x05b7faf0:   0554f500 6d0b1b42 6d103f58 6d0b1d29
0x05b7fb00:   6d09a583 00000000 76311450 000009c0 

Instructions: (pc=0x6d0b6c40)
0x6d0b6c20:   d8 56 8b b3 10 a0 00 00 1b c0 57 25 00 f0 ff ff
0x6d0b6c30:   05 00 20 00 00 50 c1 e2 05 8d 44 24 14 50 8b fa
0x6d0b6c40:   8b 16 57 c1 e1 05 51 56 ff 52 2c 85 c0 0f 8c 93
0x6d0b6c50:   00 00 00 8b 53 04 8b cf 8b 7c 24 10 8b c1 c1 e9 


Register to memory mapping:

EAX=0x05b7faa8 is pointing into the stack for thread: 0x02527c00
EBX=0x055baf58 is an unknown value
ECX=0x00000072 is an unknown value
EDX=0x000000c0 is an unknown value
ESP=0x05b7fa90 is pointing into the stack for thread: 0x02527c00
EBP=0x00000000 is an unknown value
ESI=0x00000000 is an unknown value
EDI=0x000000c0 is an unknown value


Stack: [0x05b30000,0x05b80000],  sp=0x05b7fa90,  free space=318k
Native frames: (J=compiled Java code, j=interpreted, Vv=VM code, C=native code)
C  [awt.dll+0xb6c40]  D3DVertexCacher::Render+0x50

[error occurred during error reporting (printing native stack), id 0xc0000005]

Java frames: (J=compiled Java code, j=interpreted, Vv=VM code)
j  sun.awt.windows.WToolkit.eventLoop()V+0
j  sun.awt.windows.WToolkit.run()V+52
j  java.lang.Thread.run()V+11
v  ~StubRoutines::call_stub

---------------  P R O C E S S  ---------------

Java Threads: ( => current thread )
  0x04c53400 JavaThread "Thread-2" daemon [_thread_in_native, id=3724, stack(0x05830000,0x05880000)]
  0x0863d000 JavaThread "Thread-324" [_thread_blocked, id=4976, stack(0x08490000,0x084e0000)]
  0x0863b800 JavaThread "Thread-322" [_thread_blocked, id=5020, stack(0x08400000,0x08450000)]
  0x04c50800 JavaThread "LinkGrabberView: infoupdate" [_thread_blocked, id=4556, stack(0x08f90000,0x08fe0000)]
  0x04c50000 JavaThread "DownloadView: infoupdate" [_thread_blocked, id=4560, stack(0x08f00000,0x08f50000)]
  0x04c4f400 JavaThread "PremiumStatusUpdateTimer" [_thread_blocked, id=4572, stack(0x08de0000,0x08e30000)]
  0x04c4f000 JavaThread "ClipboardHandler" [_thread_in_native, id=4740, stack(0x08550000,0x085a0000)]
  0x04c4e800 JavaThread "AWT-EventQueue-1" [_thread_blocked, id=4576, stack(0x07c30000,0x07c80000)]
  0x04c4c800 JavaThread "ByteBuffer debugger" [_thread_blocked, id=4580, stack(0x06150000,0x061a0000)]
  0x04c4e000 JavaThread "Http-Server Consumer" [_thread_in_native, id=3388, stack(0x083b0000,0x08400000)]
  0x04c4dc00 JavaThread "DestroyJavaVM" [_thread_blocked, id=4160, stack(0x00350000,0x003a0000)]
  0x04c4d000 JavaThread "TimerQueue" daemon [_thread_blocked, id=3216, stack(0x08140000,0x08190000)]
  0x05574000 JavaThread "SyntheticaCleanerThread" daemon [_thread_blocked, id=3424, stack(0x07ba0000,0x07bf0000)]
=>0x02527c00 JavaThread "AWT-Windows" daemon [_thread_in_native, id=2496, stack(0x05b30000,0x05b80000)]
  0x02527400 JavaThread "AWT-Shutdown" [_thread_blocked, id=4436, stack(0x05a40000,0x05a90000)]
  0x02527000 JavaThread "Java2D Disposer" daemon [_thread_blocked, id=4408, stack(0x059b0000,0x05a00000)]
  0x04be0000 JavaThread "EventSender" [_thread_blocked, id=4344, stack(0x053a0000,0x053f0000)]
  0x04c5bc00 JavaThread "EventSenderWatchDog" [_thread_blocked, id=4340, stack(0x051c0000,0x05210000)]
  0x024e3800 JavaThread "Low Memory Detector" daemon [_thread_blocked, id=3012, stack(0x04a50000,0x04aa0000)]
  0x024d9c00 JavaThread "C1 CompilerThread0" daemon [_thread_blocked, id=1640, stack(0x049c0000,0x04a10000)]
  0x024d8c00 JavaThread "Attach Listener" daemon [_thread_blocked, id=3032, stack(0x04930000,0x04980000)]
  0x024d5c00 JavaThread "Signal Dispatcher" daemon [_thread_blocked, id=1724, stack(0x048a0000,0x048f0000)]
  0x024d0400 JavaThread "Finalizer" daemon [_thread_blocked, id=2516, stack(0x04810000,0x04860000)]
  0x024cb800 JavaThread "Reference Handler" daemon [_thread_blocked, id=2736, stack(0x04780000,0x047d0000)]

Other Threads:
  0x0248f800 VMThread [stack: 0x01df0000,0x01e40000] [id=2176]
  0x024e5000 WatcherThread [stack: 0x04ae0000,0x04b30000] [id=2844]

VM state:not at safepoint (normal execution)

VM Mutex/Monitor currently owned by a thread: None

Heap
 def new generation   total 22336K, used 9592K [0x146b0000, 0x15ee0000, 0x1f150000)
  eden space 19904K,  42% used [0x146b0000, 0x14f0b8e8, 0x15a20000)
  from space 2432K,  42% used [0x15a20000, 0x15b22af0, 0x15c80000)
  to   space 2432K,   0% used [0x15c80000, 0x15c80000, 0x15ee0000)
 tenured generation   total 49288K, used 45832K [0x1f150000, 0x22172000, 0x346b0000)
   the space 49288K,  92% used [0x1f150000, 0x21e12158, 0x21e12200, 0x22172000)
 compacting perm gen  total 22528K, used 22456K [0x346b0000, 0x35cb0000, 0x386b0000)
   the space 22528K,  99% used [0x346b0000, 0x35c9e310, 0x35c9e400, 0x35cb0000)
    ro space 10240K,  51% used [0x386b0000, 0x38bddc00, 0x38bddc00, 0x390b0000)
    rw space 12288K,  55% used [0x390b0000, 0x3974c300, 0x3974c400, 0x39cb0000)

Code Cache  [0x02560000, 0x02c40000, 0x04560000)
 total_blobs=3538 nmethods=3264 adapters=207 free_code_cache=26384384 largest_free_block=384

Dynamic libraries:
0x00400000 - 0x00424000 	C:\Program Files (x86)\Java\jre6\bin\javaw.exe
0x77e10000 - 0x77f90000 	C:\Windows\SysWOW64\ntdll.dll
0x76300000 - 0x76410000 	C:\Windows\syswow64\kernel32.dll
0x75cd0000 - 0x75d16000 	C:\Windows\syswow64\KERNELBASE.dll
0x64d00000 - 0x64d34000 	C:\Program Files\Alwil Software\Avast5\snxhk.dll
0x770e0000 - 0x77180000 	C:\Windows\syswow64\ADVAPI32.dll
0x77290000 - 0x7733c000 	C:\Windows\syswow64\msvcrt.dll
0x77710000 - 0x77729000 	C:\Windows\SysWOW64\sechost.dll
0x77340000 - 0x77430000 	C:\Windows\syswow64\RPCRT4.dll
0x75970000 - 0x759d0000 	C:\Windows\syswow64\SspiCli.dll
0x75960000 - 0x7596c000 	C:\Windows\syswow64\CRYPTBASE.dll
0x77910000 - 0x77a10000 	C:\Windows\syswow64\USER32.dll
0x775f0000 - 0x77680000 	C:\Windows\syswow64\GDI32.dll
0x77de0000 - 0x77dea000 	C:\Windows\syswow64\LPK.dll
0x75d20000 - 0x75dbd000 	C:\Windows\syswow64\USP10.dll
0x75b30000 - 0x75b90000 	C:\Windows\system32\IMM32.DLL
0x77430000 - 0x774fc000 	C:\Windows\syswow64\MSCTF.dll
0x7c340000 - 0x7c396000 	C:\Program Files (x86)\Java\jre6\bin\msvcr71.dll
0x6d7f0000 - 0x6da9f000 	C:\Program Files (x86)\Java\jre6\bin\client\jvm.dll
0x73ad0000 - 0x73b02000 	C:\Windows\system32\WINMM.dll
0x73be0000 - 0x73c2c000 	C:\Windows\system32\apphelp.dll
0x6d7a0000 - 0x6d7ac000 	C:\Program Files (x86)\Java\jre6\bin\verify.dll
0x6d320000 - 0x6d33f000 	C:\Program Files (x86)\Java\jre6\bin\java.dll
0x75e20000 - 0x75e25000 	C:\Windows\syswow64\PSAPI.DLL
0x6d7e0000 - 0x6d7ef000 	C:\Program Files (x86)\Java\jre6\bin\zip.dll
0x6d600000 - 0x6d613000 	C:\Program Files (x86)\Java\jre6\bin\net.dll
0x77730000 - 0x77765000 	C:\Windows\syswow64\WS2_32.dll
0x75b90000 - 0x75b96000 	C:\Windows\syswow64\NSI.dll
0x73fd0000 - 0x7400c000 	C:\Windows\system32\mswsock.dll
0x73840000 - 0x73846000 	C:\Windows\System32\wship6.dll
0x6d620000 - 0x6d629000 	C:\Program Files (x86)\Java\jre6\bin\nio.dll
0x73fb0000 - 0x73fc0000 	C:\Windows\system32\NLAapi.dll
0x73fa0000 - 0x73fb0000 	C:\Windows\system32\napinsp.dll
0x73f80000 - 0x73f92000 	C:\Windows\system32\pnrpnsp.dll
0x73f50000 - 0x73f77000 	C:\Program Files (x86)\Common Files\Microsoft Shared\Windows Live\WLIDNSP.DLL
0x75dc0000 - 0x75e17000 	C:\Windows\syswow64\SHLWAPI.dll
0x73f00000 - 0x73f44000 	C:\Windows\system32\DNSAPI.dll
0x73ef0000 - 0x73ef8000 	C:\Windows\System32\winrnr.dll
0x73fc0000 - 0x73fc5000 	C:\Windows\System32\wshtcpip.dll
0x73ed0000 - 0x73eec000 	C:\Windows\system32\IPHLPAPI.DLL
0x73ec0000 - 0x73ec7000 	C:\Windows\system32\WINNSI.DLL
0x73e70000 - 0x73e76000 	C:\Windows\system32\rasadhlp.dll
0x73e80000 - 0x73eb8000 	C:\Windows\System32\fwpuclnt.dll
0x6d000000 - 0x6d14b000 	C:\Program Files (x86)\Java\jre6\bin\awt.dll
0x736a0000 - 0x736f1000 	C:\Windows\system32\WINSPOOL.DRV
0x761a0000 - 0x762fc000 	C:\Windows\syswow64\ole32.dll
0x73cb0000 - 0x73e4e000 	C:\Windows\WinSxS\x86_microsoft.windows.common-controls_6595b64144ccf1df_6.0.7601.17514_none_41e6975e2bd6f2b2\COMCTL32.dll
0x731b0000 - 0x731c3000 	C:\Windows\system32\DWMAPI.DLL
0x731d0000 - 0x73250000 	C:\Windows\system32\uxtheme.dll
0x76490000 - 0x770da000 	C:\Windows\syswow64\shell32.dll
0x6d230000 - 0x6d27f000 	C:\Program Files (x86)\Java\jre6\bin\fontmanager.dll
0x69fa0000 - 0x6a163000 	C:\Windows\system32\d3d9.dll
0x74330000 - 0x74339000 	C:\Windows\system32\VERSION.dll
0x74110000 - 0x74116000 	C:\Windows\system32\d3d8thk.dll
0x69630000 - 0x69f9b000 	C:\Windows\system32\nvd3dum.dll
0x69600000 - 0x69625000 	C:\Windows\system32\powrprof.dll
0x77770000 - 0x7790d000 	C:\Windows\syswow64\SETUPAPI.dll
0x75f70000 - 0x75f97000 	C:\Windows\syswow64\CFGMGR32.dll
0x77200000 - 0x7728f000 	C:\Windows\syswow64\OLEAUT32.dll
0x75bb0000 - 0x75bc2000 	C:\Windows\syswow64\DEVOBJ.dll
0x6d560000 - 0x6d5f3000 	C:\Program Files (x86)\Java\jre6\bin\mlib_image.dll
0x6d1a0000 - 0x6d1c3000 	C:\Program Files (x86)\Java\jre6\bin\dcpr.dll
0x6d780000 - 0x6d788000 	C:\Program Files (x86)\Java\jre6\bin\sunmscapi.dll
0x759e0000 - 0x75afd000 	C:\Windows\syswow64\CRYPT32.dll
0x759d0000 - 0x759dc000 	C:\Windows\syswow64\MSASN1.dll
0x74050000 - 0x74066000 	C:\Windows\system32\CRYPTSP.dll
0x74010000 - 0x7404b000 	C:\Windows\system32\rsaenh.dll
0x74310000 - 0x74327000 	C:\Windows\system32\USERENV.dll
0x74300000 - 0x7430b000 	C:\Windows\system32\profapi.dll
0x77680000 - 0x77703000 	C:\Windows\syswow64\CLBCatQ.DLL
0x74f70000 - 0x75065000 	C:\Windows\system32\propsys.dll
0x73c80000 - 0x73ca1000 	C:\Windows\system32\ntmarta.dll
0x76410000 - 0x76455000 	C:\Windows\syswow64\WLDAP32.dll
0x692a0000 - 0x69438000 	C:\Windows\system32\NetworkExplorer.dll
0x6a170000 - 0x6a26b000 	C:\Windows\system32\WindowsCodecs.dll
0x10000000 - 0x10017000 	C:\Users\Jerico\AppData\Roaming\Dropbox\bin\DropboxExt.14.dll
0x74210000 - 0x742fb000 	C:\Windows\system32\dbghelp.dll
0x7c3a0000 - 0x7c41b000 	C:\Users\Jerico\AppData\Roaming\Dropbox\bin\MSVCP71.dll
0x69560000 - 0x69591000 	C:\Windows\system32\EhStorShell.dll
0x69480000 - 0x694f0000 	C:\Windows\system32\ntshrui.dll
0x74070000 - 0x74089000 	C:\Windows\system32\srvcli.dll
0x741a0000 - 0x741ab000 	C:\Windows\system32\cscapi.dll
0x695d0000 - 0x695da000 	C:\Windows\system32\slc.dll
0x6a9f0000 - 0x6aa1e000 	C:\Windows\System32\shdocvw.dll
0x6d440000 - 0x6d465000 	C:\Program Files (x86)\Java\jre6\bin\jpeg.dll

VM Arguments:
jvm_args: -Xmx512m 
java_command: C:\Program Files (x86)\JDownloader\JDownloader.jar
Launcher Type: SUN_STANDARD

Environment Variables:
PATH=C:\Program Files\Common Files\Microsoft Shared\Windows Live;C:\Program Files (x86)\Common Files\Microsoft Shared\Windows Live;C:\Windows\system32;C:\Windows;C:\Windows\System32\Wbem;C:\Windows\System32\WindowsPowerShell\v1.0\;C:\Program Files (x86)\Microsoft SQL Server\90\Tools\binn\;C:\Program Files (x86)\Windows Live\Shared;C:\Program Files\TortoiseSVN\bin;C:\Program Files (x86)\Java\jre6\bin
USERNAME=Jerico
OS=Windows_NT
PROCESSOR_IDENTIFIER=Intel64 Family 6 Model 23 Stepping 6, GenuineIntel



---------------  S Y S T E M  ---------------

OS: Windows 7 Build 7601 Service Pack 1

CPU:total 2 (2 cores per cpu, 1 threads per core) family 6 model 23 stepping 6, cmov, cx8, fxsr, mmx, sse, sse2, sse3, ssse3, sse4.1

Memory: 4k page, physical 4191136k(2077388k free), swap 8380428k(5987460k free)

vm_info: Java HotSpot(TM) Client VM (20.0-b11) for windows-x86 JRE (1.6.0_25-b06), built on Apr 14 2011 01:04:32 by "java_re" with MS VC++ 7.1 (VS2003)

time: Mon Jun 20 18:24:23 2011
elapsed time: 21757 seconds

